  L0_daily    q57    glob 31/31  scan 1/31
  L0_daily    q58    glob 31/31  scan 1/31
  L0_daily    q59    glob 31/31  scan 1/31
  L0_daily    q510   glob 31/31  scan 1/31
  L0_daily    q511   glob 31/31  scan 1/31
  L1_compact  q57    glob 16/16  scan 16/16
  L1_compact  q58    glob 16/16  scan 16/16
  L1_compact  q59    glob 16/16  scan 16/16
  L1_compact  q510   glob 16/16  scan 16/16
  L1_compact  q511   glob 16/16  scan 16/16
  L2_compact  q57    glob 302/302  scan 13/302
  L2_compact  q58    glob 302/302  scan 11/302
  L2_compact  q59    glob 302/302  scan 13/302
  L2_compact  q510   glob 302/302  scan 13/302
  L2_compact  q511   glob 302/302  scan 13/302
  L3_compact  q57    glob 299/299  scan 13/299
  L3_compact  q58    glob 299/299  scan 11/299
  L3_compact  q59    glob 299/299  scan 13/299
  L3_compact  q510   glob 299/299  scan 13/299
  L3_compact  q511   glob 299/299  scan 13/299
  L4_compact  q57    glob 24/24  scan 24/24
  L4_compact  q58    glob 24/24  scan 24/24
  L4_compact  q59    glob 24/24  scan 24/24
  L4_compact  q510   glob 24/24  scan 24/24
  L4_compact  q511   glob 24/24  scan 24/24
  L1_daily    q57    glob 496/496  scan 16/496
  L1_daily    q58    glob 496/496  scan 16/496
  L1_daily    q59    glob 496/496  scan 16/496
  L1_daily    q510   glob 496/496  scan 16/496
  L1_daily    q511   glob 496/496  scan 16/496
  L2_daily    q57    glob 4154/4154  scan 7/4154
  L2_daily    q58    glob 4154/4154  scan 2/4154
  L2_daily    q59    glob 4154/4154  scan 7/4154
  L2_daily    q510   glob 4154/4154  scan 7/4154
  L2_daily    q511   glob 4154/4154  scan 7/4154
  L3_daily    q57    glob 4133/4133  scan 6/4133
  L3_daily    q58    glob 4133/4133  scan 2/4133
  L3_daily    q59    glob 4133/4133  scan 6/4133
  L3_daily    q510   glob 4133/4133  scan 6/4133
  L3_daily    q511   glob 4133/4133  scan 6/4133
  L4_daily    q57    glob 744/744  scan 24/744
  L4_daily    q58    glob 744/744  scan 24/744
  L4_daily    q59    glob 744/744  scan 24/744
  L4_daily    q510   glob 744/744  scan 24/744
  L4_daily    q511   glob 744/744  scan 24/744
  LH_compact  q57    glob 64/64  scan 36/64
  LH_compact  q58    glob 64/64  scan 32/64
  LH_compact  q59    glob 64/64  scan 36/64
  LH_compact  q510   glob 64/64  scan 36/64
  LH_compact  q511   glob 64/64  scan 36/64
  LH_daily    q57    glob 279/279  scan 5/279
  LH_daily    q58    glob 279/279  scan 4/279
  LH_daily    q59    glob 279/279  scan 6/279
  LH_daily    q510   glob 279/279  scan 6/279
  LH_daily    q511   glob 279/279  scan 6/279
wrote results/files_measured.csv
