
=== iceberg · L0_daily (base segments, daily) ===
  q57              hour     files    1/31   (  3.2%) rg    1/1    (100.0%)   119.3 MB  t=0.4745s  [n_both=4]
  q57              day      files    1/31   (  3.2%) rg    1/1    (100.0%)   119.3 MB  t=0.5558s  [n_both=4]
  q57              week     files    7/31   ( 22.6%) rg    7/7    (100.0%)   828.2 MB  t=2.9821s  [n_both=4]
  q57              month    files   31/31   (100.0%) rg   31/31   (100.0%)  3554.2 MB  t=13.9401s  [n_both=4]
  q58              day      files    1/31   (  3.2%) rg    1/1    (100.0%)   119.3 MB  t=0.6815s  [n_vessels=100]
  q58              week     files    7/31   ( 22.6%) rg    7/7    (100.0%)   828.2 MB  t=3.4840s  [n_vessels=169]
  q58              month    files   31/31   (100.0%) rg   31/31   (100.0%)  3554.2 MB  t=14.9583s  [n_vessels=282]
  q59              day      files    1/31   (  3.2%) rg    1/1    (100.0%)   119.3 MB  t=0.8088s  [n_vessels=115,n_clips=415]
  q59              week     files    7/31   ( 22.6%) rg    7/7    (100.0%)   828.2 MB  t=4.8192s  [n_vessels=564,n_clips=3001]
  q59              month    files   31/31   (100.0%) rg   31/31   (100.0%)  3554.2 MB  t=20.4528s  [n_vessels=1563,n_clips=12837]
  q510             day      files    1/31   (  3.2%) rg    1/1    (100.0%)   119.3 MB  t=29.7804s  [n_pairs=240]
  q511             belt_day files    1/31   (  3.2%) rg    1/1    (100.0%)   119.3 MB  t=31.0962s  [n_pairs=180]

=== iceberg · L1_compact (hash(mmsi), compact) ===
  q57              hour     files   16/16   (100.0%) rg   16/16   (100.0%)  3551.3 MB  t=1.8521s  [n_both=4]
  q57              day      files   16/16   (100.0%) rg   16/16   (100.0%)  3551.3 MB  t=1.8258s  [n_both=4]
  q57              week     files   16/16   (100.0%) rg   16/16   (100.0%)  3551.3 MB  t=4.4976s  [n_both=4]
  q57              month    files   16/16   (100.0%) rg   16/16   (100.0%)  3551.3 MB  t=15.9998s  [n_both=4]
  q58              day      files   16/16   (100.0%) rg   16/16   (100.0%)  3551.3 MB  t=2.1435s  [n_vessels=100]
  q58              week     files   16/16   (100.0%) rg   16/16   (100.0%)  3551.3 MB  t=5.4161s  [n_vessels=169]
  q58              month    files   16/16   (100.0%) rg   16/16   (100.0%)  3551.3 MB  t=14.5754s  [n_vessels=282]
  q59              day      files   16/16   (100.0%) rg   16/16   (100.0%)  3551.3 MB  t=1.5432s  [n_vessels=115,n_clips=415]
  q59              week     files   16/16   (100.0%) rg   16/16   (100.0%)  3551.3 MB  t=5.4820s  [n_vessels=564,n_clips=3001]
  q59              month    files   16/16   (100.0%) rg   16/16   (100.0%)  3551.3 MB  t=21.7312s  [n_vessels=1563,n_clips=12837]
  q510             day      files   16/16   (100.0%) rg   16/16   (100.0%)  3551.3 MB  t=27.3657s  [n_pairs=240]
  q511             belt_day files   16/16   (100.0%) rg   16/16   (100.0%)  3551.3 MB  t=26.6898s  [n_pairs=180]

=== iceberg · L2_compact (spaceSplit tiles, compact) ===
  q57              hour     files   12/302  (  4.0%) rg   14/16   ( 87.5%)   378.8 MB  t=0.1818s  [n_both=1]
  q57              day      files   13/302  (  4.3%) rg   15/17   ( 88.2%)   378.8 MB  t=0.2149s  [n_both=4]
  q57              week     files   14/302  (  4.6%) rg   16/18   ( 88.9%)   378.8 MB  t=0.4827s  [n_both=4]
  q57              month    files   26/302  (  8.6%) rg   30/30   (100.0%)   378.9 MB  t=1.3941s  [n_both=4]
  q58              day      files   11/302  (  3.6%) rg   12/18   ( 66.7%)   905.9 MB  t=0.3364s  [n_vessels=100]
  q58              week     files   11/302  (  3.6%) rg   12/18   ( 66.7%)   905.9 MB  t=1.1150s  [n_vessels=169]
  q58              month    files   12/302  (  4.0%) rg   14/19   ( 73.7%)   905.9 MB  t=5.2509s  [n_vessels=281]
  q59              day      files   13/302  (  4.3%) rg   15/17   ( 88.2%)   378.8 MB  t=0.6195s  [n_vessels=115,n_clips=4065]
  q59              week     files   14/302  (  4.6%) rg   16/18   ( 88.9%)   378.8 MB  t=3.6476s  [n_vessels=564,n_clips=28534]
  q59              month    files   26/302  (  8.6%) rg   30/30   (100.0%)   378.9 MB  t=14.1861s  [n_vessels=1563,n_clips=123996]
  q510             day      files   13/302  (  4.3%) rg   15/17   ( 88.2%)   378.8 MB  t=0.4946s  [n_pairs=201]
  q511             belt_day files   13/302  (  4.3%) rg   15/17   ( 88.2%)   378.8 MB  t=0.5479s  [n_pairs=170]

=== iceberg · L3_compact (MEST tiles, compact) ===
  q57              hour     files   12/299  (  4.0%) rg   14/15   ( 93.3%)   382.4 MB  t=0.2393s  [n_both=1]
  q57              day      files   13/299  (  4.3%) rg   15/16   ( 93.8%)   382.4 MB  t=0.2556s  [n_both=4]
  q57              week     files   14/299  (  4.7%) rg   16/17   ( 94.1%)   382.4 MB  t=0.4836s  [n_both=4]
  q57              month    files   26/299  (  8.7%) rg   29/29   (100.0%)   382.4 MB  t=1.2423s  [n_both=4]
  q58              day      files   11/299  (  3.7%) rg   10/20   ( 50.0%)   920.5 MB  t=0.3355s  [n_vessels=100]
  q58              week     files   11/299  (  3.7%) rg   11/20   ( 55.0%)   920.5 MB  t=1.2519s  [n_vessels=169]
  q58              month    files   12/299  (  4.0%) rg   15/21   ( 71.4%)   920.5 MB  t=4.6797s  [n_vessels=282]
  q59              day      files   13/299  (  4.3%) rg   15/16   ( 93.8%)   382.4 MB  t=0.6231s  [n_vessels=115,n_clips=4670]
  q59              week     files   14/299  (  4.7%) rg   16/17   ( 94.1%)   382.4 MB  t=3.5257s  [n_vessels=564,n_clips=34809]
  q59              month    files   26/299  (  8.7%) rg   29/29   (100.0%)   382.4 MB  t=13.8906s  [n_vessels=1563,n_clips=149807]
  q510             day      files   13/299  (  4.3%) rg   15/16   ( 93.8%)   382.4 MB  t=0.5662s  [n_pairs=198]
  q511             belt_day files   13/299  (  4.3%) rg   15/16   ( 93.8%)   382.4 MB  t=0.5341s  [n_pairs=168]

=== iceberg · L4_compact (timeSplit(hour), compact) ===
  q57              hour     files   24/24   (100.0%) rg   24/24   (100.0%)  3362.3 MB  t=2.0139s  [n_both=3]
  q57              day      files   24/24   (100.0%) rg   24/24   (100.0%)  3362.3 MB  t=2.5907s  [n_both=4]
  q57              week     files   24/24   (100.0%) rg   24/24   (100.0%)  3362.3 MB  t=3.0461s  [n_both=4]
  q57              month    files   24/24   (100.0%) rg   24/24   (100.0%)  3362.3 MB  t=5.6244s  [n_both=4]
  q58              day      files   24/24   (100.0%) rg   24/24   (100.0%)  3362.3 MB  t=2.5409s  [n_vessels=100]
  q58              week     files   24/24   (100.0%) rg   24/24   (100.0%)  3362.3 MB  t=3.6690s  [n_vessels=169]
  q58              month    files   24/24   (100.0%) rg   24/24   (100.0%)  3362.3 MB  t=6.9718s  [n_vessels=282]
  q59              day      files   24/24   (100.0%) rg   24/24   (100.0%)  3362.3 MB  t=2.7623s  [n_vessels=115,n_clips=557]
  q59              week     files   24/24   (100.0%) rg   24/24   (100.0%)  3362.3 MB  t=4.7670s  [n_vessels=564,n_clips=4023]
  q59              month    files   24/24   (100.0%) rg   24/24   (100.0%)  3362.3 MB  t=15.3376s  [n_vessels=1563,n_clips=17084]
  q510             day      files   24/24   (100.0%) rg   24/24   (100.0%)  3362.3 MB  t=3.7337s  [n_pairs=204]
  q511             belt_day files   24/24   (100.0%) rg   24/24   (100.0%)  3362.3 MB  t=3.8346s  [n_pairs=172]

=== iceberg · L1_daily (hash(mmsi), daily) ===
  q57              hour     files   16/496  (  3.2%) rg   16/16   (100.0%)   119.3 MB  t=0.3250s  [n_both=4]
  q57              day      files   16/496  (  3.2%) rg   16/16   (100.0%)   119.3 MB  t=0.4101s  [n_both=4]
  q57              week     files  112/496  ( 22.6%) rg  112/112  (100.0%)   827.8 MB  t=2.9422s  [n_both=4]
  q57              month    files  496/496  (100.0%) rg  496/496  (100.0%)  3552.8 MB  t=12.8891s  [n_both=4]
  q58              day      files   16/496  (  3.2%) rg   16/16   (100.0%)   119.3 MB  t=0.4985s  [n_vessels=100]
  q58              week     files  112/496  ( 22.6%) rg  112/112  (100.0%)   827.8 MB  t=3.3325s  [n_vessels=169]
  q58              month    files  496/496  (100.0%) rg  496/496  (100.0%)  3552.8 MB  t=14.9873s  [n_vessels=282]
  q59              day      files   16/496  (  3.2%) rg   16/16   (100.0%)   119.3 MB  t=0.6537s  [n_vessels=115,n_clips=415]
  q59              week     files  112/496  ( 22.6%) rg  112/112  (100.0%)   827.8 MB  t=4.5672s  [n_vessels=564,n_clips=3001]
  q59              month    files  496/496  (100.0%) rg  496/496  (100.0%)  3552.8 MB  t=21.7171s  [n_vessels=1563,n_clips=12837]
  q510             day      files   16/496  (  3.2%) rg   16/16   (100.0%)   119.3 MB  t=25.5722s  [n_pairs=240]
  q511             belt_day files   16/496  (  3.2%) rg   16/16   (100.0%)   119.3 MB  t=25.9083s  [n_pairs=180]

=== iceberg · L2_daily (spaceSplit tiles, daily) ===
  q57              hour     files    6/4154 (  0.1%) rg    6/6    (100.0%)    13.1 MB  t=0.0154s  [n_both=1]
  q57              day      files   13/4154 (  0.3%) rg    7/13   ( 53.8%)    23.5 MB  t=0.0568s  [n_both=4]
  q57              week     files   47/4154 (  1.1%) rg   41/47   ( 87.2%)    89.9 MB  t=0.3174s  [n_both=4]
  q57              month    files  164/4154 (  3.9%) rg  164/164  (100.0%)   328.6 MB  t=1.3162s  [n_both=4]
  q58              day      files    4/4154 (  0.1%) rg    2/4    ( 50.0%)    17.7 MB  t=0.1485s  [n_vessels=100]
  q58              week     files   17/4154 (  0.4%) rg   15/17   ( 88.2%)    72.0 MB  t=0.9500s  [n_vessels=169]
  q58              month    files   75/4154 (  1.8%) rg   75/75   (100.0%)   282.4 MB  t=3.7835s  [n_vessels=281]
  q59              day      files   13/4154 (  0.3%) rg    7/13   ( 53.8%)    23.5 MB  t=0.4853s  [n_vessels=115,n_clips=4065]
  q59              week     files   47/4154 (  1.1%) rg   41/47   ( 87.2%)    89.9 MB  t=3.0414s  [n_vessels=564,n_clips=28534]
  q59              month    files  164/4154 (  3.9%) rg  164/164  (100.0%)   328.6 MB  t=12.5066s  [n_vessels=1563,n_clips=123996]
  q510             day      files   13/4154 (  0.3%) rg    7/13   ( 53.8%)    23.5 MB  t=0.2394s  [n_pairs=201]
  q511             belt_day files   13/4154 (  0.3%) rg    7/13   ( 53.8%)    23.5 MB  t=0.2692s  [n_pairs=170]

=== iceberg · L3_daily (MEST tiles, daily) ===
  q57              hour     files    5/4133 (  0.1%) rg    5/5    (100.0%)    10.6 MB  t=0.0145s  [n_both=1]
  q57              day      files   12/4133 (  0.3%) rg    6/12   ( 50.0%)    21.2 MB  t=0.0448s  [n_both=4]
  q57              week     files   46/4133 (  1.1%) rg   40/46   ( 87.0%)    88.4 MB  t=0.2697s  [n_both=4]
  q57              month    files  164/4133 (  4.0%) rg  164/164  (100.0%)   333.4 MB  t=1.1429s  [n_both=4]
  q58              day      files    4/4133 (  0.1%) rg    2/4    ( 50.0%)    18.1 MB  t=0.1538s  [n_vessels=100]
  q58              week     files   17/4133 (  0.4%) rg   15/17   ( 88.2%)    73.5 MB  t=1.0347s  [n_vessels=169]
  q58              month    files   75/4133 (  1.8%) rg   75/75   (100.0%)   287.8 MB  t=3.9151s  [n_vessels=282]
  q59              day      files   12/4133 (  0.3%) rg    6/12   ( 50.0%)    21.2 MB  t=0.5315s  [n_vessels=115,n_clips=4670]
  q59              week     files   46/4133 (  1.1%) rg   40/46   ( 87.0%)    88.4 MB  t=3.1590s  [n_vessels=564,n_clips=34809]
  q59              month    files  164/4133 (  4.0%) rg  164/164  (100.0%)   333.4 MB  t=12.7590s  [n_vessels=1563,n_clips=149807]
  q510             day      files   12/4133 (  0.3%) rg    6/12   ( 50.0%)    21.2 MB  t=0.2619s  [n_pairs=198]
  q511             belt_day files   12/4133 (  0.3%) rg    6/12   ( 50.0%)    21.2 MB  t=0.2956s  [n_pairs=168]

=== iceberg · L4_daily (timeSplit(hour), daily) ===
  q57              hour     files   14/744  (  1.9%) rg   13/14   ( 92.9%)    79.4 MB  t=0.0925s  [n_both=3]
  q57              day      files   25/744  (  3.4%) rg   24/25   ( 96.0%)   144.6 MB  t=0.1599s  [n_both=4]
  q57              week     files  169/744  ( 22.7%) rg  168/169  ( 99.4%)   811.0 MB  t=0.8293s  [n_both=4]
  q57              month    files  744/744  (100.0%) rg  744/744  (100.0%)  3364.2 MB  t=3.3396s  [n_both=4]
  q58              day      files   25/744  (  3.4%) rg   24/25   ( 96.0%)   144.6 MB  t=0.2069s  [n_vessels=100]
  q58              week     files  169/744  ( 22.7%) rg  168/169  ( 99.4%)   811.0 MB  t=1.4076s  [n_vessels=169]
  q58              month    files  744/744  (100.0%) rg  744/744  (100.0%)  3364.2 MB  t=5.8865s  [n_vessels=282]
  q59              day      files   25/744  (  3.4%) rg   24/25   ( 96.0%)   144.6 MB  t=0.5068s  [n_vessels=115,n_clips=557]
  q59              week     files  169/744  ( 22.7%) rg  168/169  ( 99.4%)   811.0 MB  t=3.0199s  [n_vessels=564,n_clips=4023]
  q59              month    files  744/744  (100.0%) rg  744/744  (100.0%)  3364.2 MB  t=14.5337s  [n_vessels=1563,n_clips=17084]
  q510             day      files   25/744  (  3.4%) rg   24/25   ( 96.0%)   144.6 MB  t=0.7077s  [n_pairs=204]
  q511             belt_day files   25/744  (  3.4%) rg   24/25   ( 96.0%)   144.6 MB  t=0.6761s  [n_pairs=172]

Saved: /Users/ngochoapham/Thesis/ver2/packages/cli/results/cmp_iceberg_i3.csv
       /Users/ngochoapham/Thesis/ver2/packages/cli/results/cmp_iceberg_i3.json
