Building L1 for 2026-01 from L0=data/L0 → /L1_n32
L1 FAILED 2026-01: OSError: [Errno 30] Read-only file system: '/L1_n32'
╭───────────────────────────────────────────────────────────────────────────────────── Traceback (most recent call last) ─────────────────────────────────────────────────────────────────────────────────────╮
│ /Users/ngochoapham/.local/share/uv/python/cpython-3.13.13-macos-aarch64-none/lib/python3.13/pathlib/_local.py:722 in mkdir                                                                                  │
│                                                                                                                                                                                                             │
│   719 │   │   Create a new directory at this given path.                                       ╭──────────────── locals ────────────────╮                                                                   │
│   720 │   │   """                                                                              │ exist_ok = True                        │                                                                   │
│   721 │   │   try:                                                                             │     mode = 511                         │                                                                   │
│ ❱ 722 │   │   │   os.mkdir(self, mode)                                                         │  parents = True                        │                                                                   │
│   723 │   │   except FileNotFoundError:                                                        │     self = PosixPath('/L1_n32/.spill') │                                                                   │
│   724 │   │   │   if not parents or self.parent == self:                                       ╰────────────────────────────────────────╯                                                                   │
│   725 │   │   │   │   raise                                                                                                                                                                                 │
╰─────────────────────────────────────────────────────────────────────────────────────────────────────────────────────────────────────────────────────────────────────────────────────────────────────────────╯
FileNotFoundError: [Errno 2] No such file or directory: '/L1_n32/.spill'

During handling of the above exception, another exception occurred:

╭───────────────────────────────────────────────────────────────────────────────────── Traceback (most recent call last) ─────────────────────────────────────────────────────────────────────────────────────╮
│ /Users/ngochoapham/Thesis/ver2/packages/cli/src/aau_ais_mobilityduck_cli/pipeline.py:193 in build_layout                                                                                                    │
│                                                                                                                                                                                                             │
│   190 │   │   f"→ {layout_root}[/cyan]"                                                                                                                                                                     │
│   191 │   )                                                                                                                                                                                                 │
│   192 │   try:                                                                                                                                                                                              │
│ ❱ 193 │   │   build_layout_month(                                                                                                                                                                           │
│   194 │   │   │   layout=layout, year=year, month=mo,                                                                                                                                                       │
│   195 │   │   │   l0_root=l0_root, layout_root=layout_root,                                                                                                                                                 │
│   196 │   │   │   params=params, layout_params=layout_params, runtime=runtime,                                                                                                                              │
│                                                                                                                                                                                                             │
│ ╭─────────────────────────────────────────────────────────── locals ────────────────────────────────────────────────────────────╮                                                                           │
│ │        l0_dir = './data/L0'                                                                                                   │                                                                           │
│ │       l0_root = PosixPath('data/L0')                                                                                          │                                                                           │
│ │        layout = 'L1'                                                                                                          │                                                                           │
│ │    layout_dir = '/L1_n32'                                                                                                     │                                                                           │
│ │ layout_params = LayoutParams(num_shards=32, tile_size_m=500.0, region_size_m=50000.0, segs_per_box=16, time_bin='1 hour')     │                                                                           │
│ │   layout_root = PosixPath('/L1_n32')                                                                                          │                                                                           │
│ │  memory_limit = '10GB'                                                                                                        │                                                                           │
│ │            mo = 1                                                                                                             │                                                                           │
│ │         month = '2026-01'                                                                                                     │                                                                           │
│ │    num_shards = 32                                                                                                            │                                                                           │
│ │        params = PipelineParams(                                                                                               │                                                                           │
│ │                 │   metric_srid='+proj=utm +zone=32 +datum=WGS84 +units=m +no_defs',                                          │                                                                           │
│ │                 │   metric_epsg=32632,                                                                                        │                                                                           │
│ │                 │   time_gap_seconds=600,                                                                                     │                                                                           │
│ │                 │   max_speed_knots=100.0,                                                                                    │                                                                           │
│ │                 │   max_implied_speed_knots=100.0,                                                                            │                                                                           │
│ │                 │   stop_speed_knots=1.0,                                                                                     │                                                                           │
│ │                 │   min_stop_seconds=300,                                                                                     │                                                                           │
│ │                 │   min_motion_points=3,                                                                                      │                                                                           │
│ │                 │   max_vessel_outlier_pct=0.5                                                                                │                                                                           │
│ │                 )                                                                                                             │                                                                           │
│ │ region_size_m = 50000.0                                                                                                       │                                                                           │
│ │       runtime = DuckdbRuntime(                                                                                                │                                                                           │
│ │                 │   extension_path='/Users/ngochoapham/Thesis/MobilityDuck/build/release/extension/mobilityduck/mobi'+25,     │                                                                           │
│ │                 │   extension_name='mobilityduck',                                                                            │                                                                           │
│ │                 │   allow_unsigned_extensions=True,                                                                           │                                                                           │
│ │                 │   memory_limit='10GB',                                                                                      │                                                                           │
│ │                 │   threads=2,                                                                                                │                                                                           │
│ │                 │   max_temp_directory_size=None,                                                                             │                                                                           │
│ │                 │   spill_dir=None                                                                                            │                                                                           │
│ │                 )                                                                                                             │                                                                           │
│ │  segs_per_box = 16                                                                                                            │                                                                           │
│ │      settings = Settings(                                                                                                     │                                                                           │
│ │                 │   mobilityduck=MobilityDuckSettings(                                                                        │                                                                           │
│ │                 │   │   extension_name='mobilityduck',                                                                        │                                                                           │
│ │                 │   │   extension_path='/Users/ngochoapham/Thesis/MobilityDuck/build/release/extension/mobilityduck/mobi'+25, │                                                                           │
│ │                 │   │   allow_unsigned_extensions=True                                                                        │                                                                           │
│ │                 │   ),                                                                                                        │                                                                           │
│ │                 │   pipeline=PipelineSettings(                                                                                │                                                                           │
│ │                 │   │   raw_dir=PosixPath('data/raw'),                                                                        │                                                                           │
│ │                 │   │   l0_dir=PosixPath('data/L0'),                                                                          │                                                                           │
│ │                 │   │   layout_dir=PosixPath('data/layouts'),                                                                 │                                                                           │
│ │                 │   │   metric_srid='+proj=utm +zone=32 +datum=WGS84 +units=m +no_defs',                                      │                                                                           │
│ │                 │   │   metric_epsg=32632,                                                                                    │                                                                           │
│ │                 │   │   time_gap_seconds=600,                                                                                 │                                                                           │
│ │                 │   │   max_speed_knots=100.0,                                                                                │                                                                           │
│ │                 │   │   max_implied_speed_knots=100.0,                                                                        │                                                                           │
│ │                 │   │   stop_speed_knots=1.0,                                                                                 │                                                                           │
│ │                 │   │   min_stop_seconds=300,                                                                                 │                                                                           │
│ │                 │   │   min_motion_points=3,                                                                                  │                                                                           │
│ │                 │   │   max_vessel_outlier_pct=0.5,                                                                           │                                                                           │
│ │                 │   │   duckdb_memory_limit=None,                                                                             │                                                                           │
│ │                 │   │   duckdb_temp_directory=None,                                                                           │                                                                           │
│ │                 │   │   duckdb_max_temp_directory_size=None,                                                                  │                                                                           │
│ │                 │   │   duckdb_threads=2                                                                                      │                                                                           │
│ │                 │   )                                                                                                         │                                                                           │
│ │                 )                                                                                                             │                                                                           │
│ │   tile_size_m = 500.0                                                                                                         │                                                                           │
│ │      time_bin = '1 hour'                                                                                                      │                                                                           │
│ │          year = 2026                                                                                                          │                                                                           │
│ ╰───────────────────────────────────────────────────────────────────────────────────────────────────────────────────────────────╯                                                                           │
│                                                                                                                                                                                                             │
│ /Users/ngochoapham/Thesis/ver2/packages/pipeline/src/aau_ais_mobilityduck_pipeline/runner.py:107 in build_layout_month                                                                                      │
│                                                                                                                                                                                                             │
│   104 │   glob = l0_month_glob(l0_root, year, month)                                                                                                                                                        │
│   105 │   spill = _spill_for(runtime, layout_root / ".spill")                                                                                                                                               │
│   106 │   t0 = perf_counter()                                                                                                                                                                               │
│ ❱ 107 │   with open_pipeline_conn(                                                                                                                                                                          │
│   108 │   │   spill_dir=spill,                                                                                                                                                                              │
│   109 │   │   extension_path=runtime.extension_path,                                                                                                                                                        │
│   110 │   │   extension_name=runtime.extension_name,                                                                                                                                                        │
│                                                                                                                                                                                                             │
│ ╭───────────────────────────────────────────────────────── locals ──────────────────────────────────────────────────────────╮                                                                               │
│ │          glob = 'data/L0/L0/year=2026/month=01/*.parquet'                                                                 │                                                                               │
│ │       l0_root = PosixPath('data/L0')                                                                                      │                                                                               │
│ │        layout = 'L1'                                                                                                      │                                                                               │
│ │ layout_params = LayoutParams(num_shards=32, tile_size_m=500.0, region_size_m=50000.0, segs_per_box=16, time_bin='1 hour') │                                                                               │
│ │   layout_root = PosixPath('/L1_n32')                                                                                      │                                                                               │
│ │         month = 1                                                                                                         │                                                                               │
│ │        params = PipelineParams(                                                                                           │                                                                               │
│ │                 │   metric_srid='+proj=utm +zone=32 +datum=WGS84 +units=m +no_defs',                                      │                                                                               │
│ │                 │   metric_epsg=32632,                                                                                    │                                                                               │
│ │                 │   time_gap_seconds=600,                                                                                 │                                                                               │
│ │                 │   max_speed_knots=100.0,                                                                                │                                                                               │
│ │                 │   max_implied_speed_knots=100.0,                                                                        │                                                                               │
│ │                 │   stop_speed_knots=1.0,                                                                                 │                                                                               │
│ │                 │   min_stop_seconds=300,                                                                                 │                                                                               │
│ │                 │   min_motion_points=3,                                                                                  │                                                                               │
│ │                 │   max_vessel_outlier_pct=0.5                                                                            │                                                                               │
│ │                 )                                                                                                         │                                                                               │
│ │       runtime = DuckdbRuntime(                                                                                            │                                                                               │
│ │                 │   extension_path='/Users/ngochoapham/Thesis/MobilityDuck/build/release/extension/mobilityduck/mobi'+25, │                                                                               │
│ │                 │   extension_name='mobilityduck',                                                                        │                                                                               │
│ │                 │   allow_unsigned_extensions=True,                                                                       │                                                                               │
│ │                 │   memory_limit='10GB',                                                                                  │                                                                               │
│ │                 │   threads=2,                                                                                            │                                                                               │
│ │                 │   max_temp_directory_size=None,                                                                         │                                                                               │
│ │                 │   spill_dir=None                                                                                        │                                                                               │
│ │                 )                                                                                                         │                                                                               │
│ │         spill = PosixPath('/L1_n32/.spill')                                                                               │                                                                               │
│ │            t0 = 14037.5744115                                                                                             │                                                                               │
│ │          year = 2026                                                                                                      │                                                                               │
│ ╰───────────────────────────────────────────────────────────────────────────────────────────────────────────────────────────╯                                                                               │
│                                                                                                                                                                                                             │
│ /Users/ngochoapham/.local/share/uv/python/cpython-3.13.13-macos-aarch64-none/lib/python3.13/contextlib.py:141 in __enter__                                                                                  │
│                                                                                                                                                                                                             │
│   138 │   │   # they are only needed for recreation, which is not possible anymore             ╭────────────────────────────── locals ──────────────────────────────╮                                       │
│   139 │   │   del self.args, self.kwds, self.func                                              │ self = <contextlib._GeneratorContextManager object at 0x107d6a510> │                                       │
│   140 │   │   try:                                                                             ╰────────────────────────────────────────────────────────────────────╯                                       │
│ ❱ 141 │   │   │   return next(self.gen)                                                                                                                                                                     │
│   142 │   │   except StopIteration:                                                                                                                                                                         │
│   143 │   │   │   raise RuntimeError("generator didn't yield") from None                                                                                                                                    │
│   144                                                                                                                                                                                                       │
│                                                                                                                                                                                                             │
│ /Users/ngochoapham/Thesis/ver2/packages/pipeline/src/aau_ais_mobilityduck_pipeline/_duckdb.py:28 in open_pipeline_conn                                                                                      │
│                                                                                                                                                                                                             │
│   25 │   Per-call connection is the right granularity for layout writers: it bounds                                                                                                                         │
│   26 │   buffer-pool / spill-tracker accumulation and ensures one bad day cannot                                                                                                                            │
│   27 │   poison the next."""                                                                                                                                                                                │
│ ❱ 28 │   spill_dir.mkdir(parents=True, exist_ok=True)                                                                                                                                                       │
│   29 │                                                                                                                                                                                                      │
│   30 │   config: dict = {}                                                                                                                                                                                  │
│   31 │   if allow_unsigned_extensions:                                                                                                                                                                      │
│                                                                                                                                                                                                             │
│ ╭───────────────────────────────────────────────────── locals ──────────────────────────────────────────────────────╮                                                                                       │
│ │ allow_unsigned_extensions = True                                                                                  │                                                                                       │
│ │            extension_name = 'mobilityduck'                                                                        │                                                                                       │
│ │            extension_path = '/Users/ngochoapham/Thesis/MobilityDuck/build/release/extension/mobilityduck/mobi'+25 │                                                                                       │
│ │   max_temp_directory_size = None                                                                                  │                                                                                       │
│ │              memory_limit = '10GB'                                                                                │                                                                                       │
│ │                 spill_dir = PosixPath('/L1_n32/.spill')                                                           │                                                                                       │
│ │                   threads = 2                                                                                     │                                                                                       │
│ ╰───────────────────────────────────────────────────────────────────────────────────────────────────────────────────╯                                                                                       │
│                                                                                                                                                                                                             │
│ /Users/ngochoapham/.local/share/uv/python/cpython-3.13.13-macos-aarch64-none/lib/python3.13/pathlib/_local.py:726 in mkdir                                                                                  │
│                                                                                                                                                                                                             │
│   723 │   │   except FileNotFoundError:                                                        ╭──────────────── locals ────────────────╮                                                                   │
│   724 │   │   │   if not parents or self.parent == self:                                       │ exist_ok = True                        │                                                                   │
│   725 │   │   │   │   raise                                                                    │     mode = 511                         │                                                                   │
│ ❱ 726 │   │   │   self.parent.mkdir(parents=True, exist_ok=True)                               │  parents = True                        │                                                                   │
│   727 │   │   │   self.mkdir(mode, parents=False, exist_ok=exist_ok)                           │     self = PosixPath('/L1_n32/.spill') │                                                                   │
│   728 │   │   except OSError:                                                                  ╰────────────────────────────────────────╯                                                                   │
│   729 │   │   │   # Cannot rely on checking for EEXIST, since the operating system                                                                                                                          │
│                                                                                                                                                                                                             │
│ /Users/ngochoapham/.local/share/uv/python/cpython-3.13.13-macos-aarch64-none/lib/python3.13/pathlib/_local.py:722 in mkdir                                                                                  │
│                                                                                                                                                                                                             │
│   719 │   │   Create a new directory at this given path.                                       ╭──────────── locals ─────────────╮                                                                          │
│   720 │   │   """                                                                              │ exist_ok = True                 │                                                                          │
│   721 │   │   try:                                                                             │     mode = 511                  │                                                                          │
│ ❱ 722 │   │   │   os.mkdir(self, mode)                                                         │  parents = True                 │                                                                          │
│   723 │   │   except FileNotFoundError:                                                        │     self = PosixPath('/L1_n32') │                                                                          │
│   724 │   │   │   if not parents or self.parent == self:                                       ╰─────────────────────────────────╯                                                                          │
│   725 │   │   │   │   raise                                                                                                                                                                                 │
╰─────────────────────────────────────────────────────────────────────────────────────────────────────────────────────────────────────────────────────────────────────────────────────────────────────────────╯
OSError: [Errno 30] Read-only file system: '/L1_n32'
