Building L2 for 2026-01 from L0=data/L0 → data/layouts/L2_t500_r100000
  L2: 652 candidate region cells
  L2 [1/652] region=(-11,45) rows=1
  L2 [2/652] region=(-11,46) rows=1
  L2 [3/652] region=(-11,48) rows=1
  L2 [4/652] region=(-10,58) rows=1
  L2 [5/652] region=(-9,41) rows=2
  L2 [6/652] region=(-9,59) rows=1
  L2 [7/652] region=(-9,63) rows=2
  L2 [8/652] region=(-7,50) rows=1
  L2 [9/652] region=(-7,52) rows=1
  L2 [10/652] region=(-7,53) rows=1
  L2 [11/652] region=(-6,0) rows=77
  L2 [12/652] region=(-6,55) rows=1
  L2 [13/652] region=(-6,63) rows=1
  L2 [21/652] region=(-5,57) rows=1
  L2 [22/652] region=(-5,59) rows=1
  L2 [23/652] region=(-5,63) rows=2
  L2 [25/652] region=(-4,7) rows=0
  L2 [30/652] region=(-4,58) rows=1
  L2 [38/652] region=(-3,55) rows=1
  L2 [45/652] region=(-2,57) rows=4
  L2 [50/652] region=(-1,26) rows=0
  L2 [53/652] region=(-1,56) rows=1
  L2 [54/652] region=(-1,57) rows=6
  L2 [55/652] region=(-1,59) rows=1
  L2 [56/652] region=(-1,60) rows=341
  L2 [57/652] region=(-1,61) rows=163
  L2 [58/652] region=(-1,62) rows=123
  L2 [59/652] region=(-1,63) rows=742
  L2 [60/652] region=(-1,64) rows=659
  L2 [67/652] region=(0,57) rows=2
  L2 [68/652] region=(0,60) rows=364
  L2 [69/652] region=(0,61) rows=248
  L2 [70/652] region=(0,62) rows=147
  L2 [75/652] region=(1,35) rows=0
  L2 [79/652] region=(1,57) rows=2
  L2 [80/652] region=(1,58) rows=2
  L2 [81/652] region=(1,60) rows=38
  L2 [82/652] region=(1,61) rows=3347
  L2 [83/652] region=(1,62) rows=33918
  L2 [84/652] region=(1,63) rows=49
  L2 [93/652] region=(2,58) rows=1
  L2 [94/652] region=(2,59) rows=217
  L2 [95/652] region=(2,60) rows=2464
  L2 [96/652] region=(2,61) rows=136264
  L2 [97/652] region=(2,62) rows=87625
  L2 [98/652] region=(2,63) rows=2413
  L2 [100/652] region=(3,44) rows=0
  L2 [106/652] region=(3,55) rows=4
  L2 [107/652] region=(3,59) rows=8540
  L2 [108/652] region=(3,60) rows=28581
  L2 [109/652] region=(3,61) rows=129121
  L2 [110/652] region=(3,62) rows=116372
  L2 [111/652] region=(3,63) rows=12510
  L2 [112/652] region=(3,64) rows=92
  L2 [120/652] region=(4,58) rows=17
  L2 [121/652] region=(4,59) rows=66763
  L2 [122/652] region=(4,60) rows=125458
  L2 [123/652] region=(4,61) rows=220443
  L2 [124/652] region=(4,62) rows=298827
  L2 [125/652] region=(4,63) rows=852719
  L2 [126/652] region=(4,64) rows=71338
  L2 [127/652] region=(5,0) rows=200
  L2 [130/652] region=(5,3) rows=1
  L2 [146/652] region=(5,19) rows=163
  L2 [150/652] region=(5,23) rows=0
  L2 [175/652] region=(5,48) rows=0
  L2 [180/652] region=(5,53) rows=94
  L2 [184/652] region=(5,57) rows=1
  L2 [186/652] region=(5,59) rows=41706
  L2 [187/652] region=(5,60) rows=377857
L2 FAILED 2026-01: OutOfMemoryException: Out of Memory Error: failed to allocate data of size 8.0 MiB (9.3 GiB/9.3 GiB used)

Possible solutions:
* Reducing the number of threads (SET threads=X)
* Disabling insertion-order preservation (SET preserve_insertion_order=false)
* Increasing the memory limit (SET memory_limit='...GB')

See also https://duckdb.org/docs/stable/guides/performance/how_to_tune_workloads
╭───────────────────────────────────────────────────────────────────────────────────── Traceback (most recent call last) ─────────────────────────────────────────────────────────────────────────────────────╮
│ /Users/ngochoapham/Thesis/ver2/packages/cli/src/aau_ais_mobilityduck_cli/pipeline.py:193 in build_layout                                                                                                    │
│                                                                                                                                                                                                             │
│   190 │   │   f"→ {layout_root}[/cyan]"                                                                                                                                                                     │
│   191 │   )                                                                                                                                                                                                 │
│   192 │   try:                                                                                                                                                                                              │
│ ❱ 193 │   │   build_layout_month(                                                                                                                                                                           │
│   194 │   │   │   layout=layout, year=year, month=mo,                                                                                                                                                       │
│   195 │   │   │   l0_root=l0_root, layout_root=layout_root,                                                                                                                                                 │
│   196 │   │   │   params=params, layout_params=layout_params, runtime=runtime,                                                                                                                              │
│                                                                                                                                                                                                             │
│ ╭─────────────────────────────────────────────────────────── locals ────────────────────────────────────────────────────────────╮                                                                           │
│ │        l0_dir = './data/L0'                                                                                                   │                                                                           │
│ │       l0_root = PosixPath('data/L0')                                                                                          │                                                                           │
│ │        layout = 'L2'                                                                                                          │                                                                           │
│ │    layout_dir = './data/layouts/L2_t500_r100000'                                                                              │                                                                           │
│ │ layout_params = LayoutParams(num_shards=16, tile_size_m=500.0, region_size_m=100000.0, segs_per_box=16, time_bin='1 hour')    │                                                                           │
│ │   layout_root = PosixPath('data/layouts/L2_t500_r100000')                                                                     │                                                                           │
│ │  memory_limit = '10GB'                                                                                                        │                                                                           │
│ │            mo = 1                                                                                                             │                                                                           │
│ │         month = '2026-01'                                                                                                     │                                                                           │
│ │    num_shards = 16                                                                                                            │                                                                           │
│ │        params = PipelineParams(                                                                                               │                                                                           │
│ │                 │   metric_srid='+proj=utm +zone=32 +datum=WGS84 +units=m +no_defs',                                          │                                                                           │
│ │                 │   metric_epsg=32632,                                                                                        │                                                                           │
│ │                 │   time_gap_seconds=600,                                                                                     │                                                                           │
│ │                 │   max_speed_knots=100.0,                                                                                    │                                                                           │
│ │                 │   max_implied_speed_knots=100.0,                                                                            │                                                                           │
│ │                 │   stop_speed_knots=1.0,                                                                                     │                                                                           │
│ │                 │   min_stop_seconds=300,                                                                                     │                                                                           │
│ │                 │   min_motion_points=3,                                                                                      │                                                                           │
│ │                 │   max_vessel_outlier_pct=0.5                                                                                │                                                                           │
│ │                 )                                                                                                             │                                                                           │
│ │ region_size_m = 100000.0                                                                                                      │                                                                           │
│ │       runtime = DuckdbRuntime(                                                                                                │                                                                           │
│ │                 │   extension_path='/Users/ngochoapham/Thesis/MobilityDuck/build/release/extension/mobilityduck/mobi'+25,     │                                                                           │
│ │                 │   extension_name='mobilityduck',                                                                            │                                                                           │
│ │                 │   allow_unsigned_extensions=True,                                                                           │                                                                           │
│ │                 │   memory_limit='10GB',                                                                                      │                                                                           │
│ │                 │   threads=2,                                                                                                │                                                                           │
│ │                 │   max_temp_directory_size=None,                                                                             │                                                                           │
│ │                 │   spill_dir=None                                                                                            │                                                                           │
│ │                 )                                                                                                             │                                                                           │
│ │  segs_per_box = 16                                                                                                            │                                                                           │
│ │      settings = Settings(                                                                                                     │                                                                           │
│ │                 │   mobilityduck=MobilityDuckSettings(                                                                        │                                                                           │
│ │                 │   │   extension_name='mobilityduck',                                                                        │                                                                           │
│ │                 │   │   extension_path='/Users/ngochoapham/Thesis/MobilityDuck/build/release/extension/mobilityduck/mobi'+25, │                                                                           │
│ │                 │   │   allow_unsigned_extensions=True                                                                        │                                                                           │
│ │                 │   ),                                                                                                        │                                                                           │
│ │                 │   pipeline=PipelineSettings(                                                                                │                                                                           │
│ │                 │   │   raw_dir=PosixPath('data/raw'),                                                                        │                                                                           │
│ │                 │   │   l0_dir=PosixPath('data/L0'),                                                                          │                                                                           │
│ │                 │   │   layout_dir=PosixPath('data/layouts'),                                                                 │                                                                           │
│ │                 │   │   metric_srid='+proj=utm +zone=32 +datum=WGS84 +units=m +no_defs',                                      │                                                                           │
│ │                 │   │   metric_epsg=32632,                                                                                    │                                                                           │
│ │                 │   │   time_gap_seconds=600,                                                                                 │                                                                           │
│ │                 │   │   max_speed_knots=100.0,                                                                                │                                                                           │
│ │                 │   │   max_implied_speed_knots=100.0,                                                                        │                                                                           │
│ │                 │   │   stop_speed_knots=1.0,                                                                                 │                                                                           │
│ │                 │   │   min_stop_seconds=300,                                                                                 │                                                                           │
│ │                 │   │   min_motion_points=3,                                                                                  │                                                                           │
│ │                 │   │   max_vessel_outlier_pct=0.5,                                                                           │                                                                           │
│ │                 │   │   duckdb_memory_limit=None,                                                                             │                                                                           │
│ │                 │   │   duckdb_temp_directory=None,                                                                           │                                                                           │
│ │                 │   │   duckdb_max_temp_directory_size=None,                                                                  │                                                                           │
│ │                 │   │   duckdb_threads=2                                                                                      │                                                                           │
│ │                 │   )                                                                                                         │                                                                           │
│ │                 )                                                                                                             │                                                                           │
│ │   tile_size_m = 500.0                                                                                                         │                                                                           │
│ │      time_bin = '1 hour'                                                                                                      │                                                                           │
│ │          year = 2026                                                                                                          │                                                                           │
│ ╰───────────────────────────────────────────────────────────────────────────────────────────────────────────────────────────────╯                                                                           │
│                                                                                                                                                                                                             │
│ /Users/ngochoapham/Thesis/ver2/packages/pipeline/src/aau_ais_mobilityduck_pipeline/runner.py:130 in build_layout_month                                                                                      │
│                                                                                                                                                                                                             │
│   127 │   │   │   │   l0_glob=glob,                                                                                                                                                                         │
│   128 │   │   │   )                                                                                                                                                                                         │
│   129 │   │   elif layout == "L2":                                                                                                                                                                          │
│ ❱ 130 │   │   │   rows = write_l2_spacesplit(                                                                                                                                                               │
│   131 │   │   │   │   con, root=layout_root, year=year, month=month,                                                                                                                                        │
│   132 │   │   │   │   tile_size_m=layout_params.tile_size_m,                                                                                                                                                │
│   133 │   │   │   │   region_size_m=layout_params.region_size_m,                                                                                                                                            │
│                                                                                                                                                                                                             │
│ ╭────────────────────────────────────────────────────────── locals ──────────────────────────────────────────────────────────╮                                                                              │
│ │     base_rows = 381709                                                                                                     │                                                                              │
│ │           con = <_duckdb.DuckDBPyConnection object at 0x10c41deb0>                                                         │                                                                              │
│ │          days = [                                                                                                          │                                                                              │
│ │                 │   (datetime.date(2026, 1, 1), PosixPath('data/L0/L0/year=2026/month=01/day=2026-01-01.parquet')),        │                                                                              │
│ │                 │   (datetime.date(2026, 1, 2), PosixPath('data/L0/L0/year=2026/month=01/day=2026-01-02.parquet')),        │                                                                              │
│ │                 │   (datetime.date(2026, 1, 3), PosixPath('data/L0/L0/year=2026/month=01/day=2026-01-03.parquet')),        │                                                                              │
│ │                 │   (datetime.date(2026, 1, 4), PosixPath('data/L0/L0/year=2026/month=01/day=2026-01-04.parquet')),        │                                                                              │
│ │                 │   (datetime.date(2026, 1, 5), PosixPath('data/L0/L0/year=2026/month=01/day=2026-01-05.parquet')),        │                                                                              │
│ │                 │   (datetime.date(2026, 1, 6), PosixPath('data/L0/L0/year=2026/month=01/day=2026-01-06.parquet')),        │                                                                              │
│ │                 │   (datetime.date(2026, 1, 7), PosixPath('data/L0/L0/year=2026/month=01/day=2026-01-07.parquet')),        │                                                                              │
│ │                 │   (datetime.date(2026, 1, 8), PosixPath('data/L0/L0/year=2026/month=01/day=2026-01-08.parquet')),        │                                                                              │
│ │                 │   (datetime.date(2026, 1, 9), PosixPath('data/L0/L0/year=2026/month=01/day=2026-01-09.parquet')),        │                                                                              │
│ │                 │   (datetime.date(2026, 1, 10), PosixPath('data/L0/L0/year=2026/month=01/day=2026-01-10.parquet')),       │                                                                              │
│ │                 │   ... +21                                                                                                │                                                                              │
│ │                 ]                                                                                                          │                                                                              │
│ │          glob = 'data/L0/L0/year=2026/month=01/*.parquet'                                                                  │                                                                              │
│ │       l0_root = PosixPath('data/L0')                                                                                       │                                                                              │
│ │        layout = 'L2'                                                                                                       │                                                                              │
│ │ layout_params = LayoutParams(num_shards=16, tile_size_m=500.0, region_size_m=100000.0, segs_per_box=16, time_bin='1 hour') │                                                                              │
│ │   layout_root = PosixPath('data/layouts/L2_t500_r100000')                                                                  │                                                                              │
│ │         month = 1                                                                                                          │                                                                              │
│ │        params = PipelineParams(                                                                                            │                                                                              │
│ │                 │   metric_srid='+proj=utm +zone=32 +datum=WGS84 +units=m +no_defs',                                       │                                                                              │
│ │                 │   metric_epsg=32632,                                                                                     │                                                                              │
│ │                 │   time_gap_seconds=600,                                                                                  │                                                                              │
│ │                 │   max_speed_knots=100.0,                                                                                 │                                                                              │
│ │                 │   max_implied_speed_knots=100.0,                                                                         │                                                                              │
│ │                 │   stop_speed_knots=1.0,                                                                                  │                                                                              │
│ │                 │   min_stop_seconds=300,                                                                                  │                                                                              │
│ │                 │   min_motion_points=3,                                                                                   │                                                                              │
│ │                 │   max_vessel_outlier_pct=0.5                                                                             │                                                                              │
│ │                 )                                                                                                          │                                                                              │
│ │       runtime = DuckdbRuntime(                                                                                             │                                                                              │
│ │                 │   extension_path='/Users/ngochoapham/Thesis/MobilityDuck/build/release/extension/mobilityduck/mobi'+25,  │                                                                              │
│ │                 │   extension_name='mobilityduck',                                                                         │                                                                              │
│ │                 │   allow_unsigned_extensions=True,                                                                        │                                                                              │
│ │                 │   memory_limit='10GB',                                                                                   │                                                                              │
│ │                 │   threads=2,                                                                                             │                                                                              │
│ │                 │   max_temp_directory_size=None,                                                                          │                                                                              │
│ │                 │   spill_dir=None                                                                                         │                                                                              │
│ │                 )                                                                                                          │                                                                              │
│ │         spill = PosixPath('data/layouts/L2_t500_r100000/.spill')                                                           │                                                                              │
│ │            t0 = 34340.1054865                                                                                              │                                                                              │
│ │          year = 2026                                                                                                       │                                                                              │
│ ╰────────────────────────────────────────────────────────────────────────────────────────────────────────────────────────────╯                                                                              │
│                                                                                                                                                                                                             │
│ /Users/ngochoapham/Thesis/ver2/packages/pipeline/src/aau_ais_mobilityduck_pipeline/layouts.py:345 in write_l2_spacesplit                                                                                    │
│                                                                                                                                                                                                             │
│   342 │   │   )                                                                                                                                                                                             │
│   343 │   │   ps = passthrough_select_sql(region_box=box)                                                                                                                                                   │
│   344 │   │   out = month_dir / f"region_x={rx}" / f"region_y={ry}" / "data.parquet"                                                                                                                        │
│ ❱ 345 │   │   rows = _copy_single(                                                                                                                                                                          │
│   346 │   │   │   con,                                                                                                                                                                                      │
│   347 │   │   │   select_sql=f"{motion_sql} UNION ALL {ps}",                                                                                                                                                │
│   348 │   │   │   target=out,                                                                                                                                                                               │
│                                                                                                                                                                                                             │
│ ╭────────────────────────────────────────────────────────────── locals ──────────────────────────────────────────────────────────────╮                                                                      │
│ │           box = (500000.0, 600000.0, 6100000.0, 6200000.0)                                                                         │                                                                      │
│ │         cells = [(-11, 45), (-11, 46), (-11, 48), (-10, 58), (-9, 41), (-9, 59), (-9, 63), (-7, 50), (-7, 52), (-7, 53), ... +642] │                                                                      │
│ │           con = <_duckdb.DuckDBPyConnection object at 0x10c41deb0>                                                                 │                                                                      │
│ │             i = 188                                                                                                                │                                                                      │
│ │       l0_days = [                                                                                                                  │                                                                      │
│ │                 │   (datetime.date(2026, 1, 1), PosixPath('data/L0/L0/year=2026/month=01/day=2026-01-01.parquet')),                │                                                                      │
│ │                 │   (datetime.date(2026, 1, 2), PosixPath('data/L0/L0/year=2026/month=01/day=2026-01-02.parquet')),                │                                                                      │
│ │                 │   (datetime.date(2026, 1, 3), PosixPath('data/L0/L0/year=2026/month=01/day=2026-01-03.parquet')),                │                                                                      │
│ │                 │   (datetime.date(2026, 1, 4), PosixPath('data/L0/L0/year=2026/month=01/day=2026-01-04.parquet')),                │                                                                      │
│ │                 │   (datetime.date(2026, 1, 5), PosixPath('data/L0/L0/year=2026/month=01/day=2026-01-05.parquet')),                │                                                                      │
│ │                 │   (datetime.date(2026, 1, 6), PosixPath('data/L0/L0/year=2026/month=01/day=2026-01-06.parquet')),                │                                                                      │
│ │                 │   (datetime.date(2026, 1, 7), PosixPath('data/L0/L0/year=2026/month=01/day=2026-01-07.parquet')),                │                                                                      │
│ │                 │   (datetime.date(2026, 1, 8), PosixPath('data/L0/L0/year=2026/month=01/day=2026-01-08.parquet')),                │                                                                      │
│ │                 │   (datetime.date(2026, 1, 9), PosixPath('data/L0/L0/year=2026/month=01/day=2026-01-09.parquet')),                │                                                                      │
│ │                 │   (datetime.date(2026, 1, 10), PosixPath('data/L0/L0/year=2026/month=01/day=2026-01-10.parquet')),               │                                                                      │
│ │                 │   ... +21                                                                                                        │                                                                      │
│ │                 ]                                                                                                                  │                                                                      │
│ │       l0_glob = 'data/L0/L0/year=2026/month=01/*.parquet'                                                                          │                                                                      │
│ │         month = 1                                                                                                                  │                                                                      │
│ │     month_dir = PosixPath('data/layouts/L2_t500_r100000/L2/year=2026/month=01')                                                    │                                                                      │
│ │    motion_sql = "\n        SELECT\n            bs.mmsi,\n            'in motion'                    "+2441                         │                                                                      │
│ │           out = PosixPath('data/layouts/L2_t500_r100000/L2/year=2026/month=01/region_x=5/region_y=61/data.parquet')                │                                                                      │
│ │        params = PipelineParams(                                                                                                    │                                                                      │
│ │                 │   metric_srid='+proj=utm +zone=32 +datum=WGS84 +units=m +no_defs',                                               │                                                                      │
│ │                 │   metric_epsg=32632,                                                                                             │                                                                      │
│ │                 │   time_gap_seconds=600,                                                                                          │                                                                      │
│ │                 │   max_speed_knots=100.0,                                                                                         │                                                                      │
│ │                 │   max_implied_speed_knots=100.0,                                                                                 │                                                                      │
│ │                 │   stop_speed_knots=1.0,                                                                                          │                                                                      │
│ │                 │   min_stop_seconds=300,                                                                                          │                                                                      │
│ │                 │   min_motion_points=3,                                                                                           │                                                                      │
│ │                 │   max_vessel_outlier_pct=0.5                                                                                     │                                                                      │
│ │                 )                                                                                                                  │                                                                      │
│ │            ps = '\n        SELECT \n    mmsi, segment_type, vessel_name, imo, callsign, vessel_type'+357                           │                                                                      │
│ │ region_size_m = 100000.0                                                                                                           │                                                                      │
│ │          root = PosixPath('data/layouts/L2_t500_r100000')                                                                          │                                                                      │
│ │          rows = 377857                                                                                                             │                                                                      │
│ │            rx = 5                                                                                                                  │                                                                      │
│ │            ry = 61                                                                                                                 │                                                                      │
│ │   tile_size_m = 500.0                                                                                                              │                                                                      │
│ │         total = 2620045                                                                                                            │                                                                      │
│ │          year = 2026                                                                                                               │                                                                      │
│ ╰────────────────────────────────────────────────────────────────────────────────────────────────────────────────────────────────────╯                                                                      │
│                                                                                                                                                                                                             │
│ /Users/ngochoapham/Thesis/ver2/packages/pipeline/src/aau_ais_mobilityduck_pipeline/layouts.py:106 in _copy_single                                                                                           │
│                                                                                                                                                                                                             │
│   103 │   target.parent.mkdir(parents=True, exist_ok=True)                                                                                                                                                  │
│   104 │   target.unlink(missing_ok=True)                                                                                                                                                                    │
│   105 │   options = ["FORMAT PARQUET", "COMPRESSION ZSTD", kv_metadata_clause()]                                                                                                                            │
│ ❱ 106 │   con.execute(                                                                                                                                                                                      │
│   107 │   │   f"""                                                                                                                                                                                          │
│   108 │   │   COPY (                                                                                                                                                                                        │
│   109 │   │   │   {_wrap_geoparquet(select_sql)}                                                                                                                                                            │
│                                                                                                                                                                                                             │
│ ╭──────────────────────────────────────────────────────────────────── locals ─────────────────────────────────────────────────────────────────────╮                                                         │
│ │        con = <_duckdb.DuckDBPyConnection object at 0x10c41deb0>                                                                                 │                                                         │
│ │    options = ['FORMAT PARQUET', 'COMPRESSION ZSTD', 'KV_METADATA { \'geo\': \'{"version":"1.1.0","primary_column":"geometry","columns":{'+2021] │                                                         │
│ │ select_sql = "\n        SELECT\n            bs.mmsi,\n            'in motion'                    "+2889                                         │                                                         │
│ │     target = PosixPath('data/layouts/L2_t500_r100000/L2/year=2026/month=01/region_x=5/region_y=61/data.parquet')                                │                                                         │
│ ╰─────────────────────────────────────────────────────────────────────────────────────────────────────────────────────────────────────────────────╯                                                         │
╰─────────────────────────────────────────────────────────────────────────────────────────────────────────────────────────────────────────────────────────────────────────────────────────────────────────────╯
OutOfMemoryException: Out of Memory Error: failed to allocate data of size 8.0 MiB (9.3 GiB/9.3 GiB used)

Possible solutions:
* Reducing the number of threads (SET threads=X)
* Disabling insertion-order preservation (SET preserve_insertion_order=false)
* Increasing the memory limit (SET memory_limit='...GB')

See also https://duckdb.org/docs/stable/guides/performance/how_to_tune_workloads
