  L0_daily    q510  files 7/31 t= 201.64s  [n_pairs=605]
  L0_daily    q511  files 7/31 t= 193.95s  [n_pairs=349]
  L1_compact  q510  files 16/16 t= 193.28s  [n_pairs=605]
  L1_compact  q511  files 16/16 t= 202.82s  [n_pairs=349]
  L2_compact  q510  files 14/302 t=   2.35s  [n_pairs=312]
  L2_compact  q511  files 14/302 t=   2.46s  [n_pairs=254]
  L3_compact  q510  files 14/299 t=   2.25s  [n_pairs=307]
  L3_compact  q511  files 14/299 t=   2.32s  [n_pairs=250]
  L4_compact  q510  files 24/24 t=   7.06s  [n_pairs=318]
  L4_compact  q511  files 24/24 t=   6.47s  [n_pairs=255]
  L1_daily    q510  files 112/496 t= 193.55s  [n_pairs=605]
  L1_daily    q511  files 112/496 t= 193.45s  [n_pairs=349]
  L2_daily    q510  files 47/4154 t=   2.11s  [n_pairs=312]
  L2_daily    q511  files 47/4154 t=   2.26s  [n_pairs=254]
  L3_daily    q510  files 46/4133 t=   2.00s  [n_pairs=307]
  L3_daily    q511  files 46/4133 t=   2.06s  [n_pairs=250]
  L4_daily    q510  files 169/744 t=   4.57s  [n_pairs=318]
  L4_daily    q511  files 169/744 t=   4.65s  [n_pairs=255]
  LH_compact  q510  files 36/64 t= 204.63s  [n_pairs=605]
  LH_compact  q511  files 36/64 t= 205.95s  [n_pairs=349]
  LH_daily    q510  files 45/279 t= 218.08s  [n_pairs=605]
  LH_daily    q511  files 45/279 t= 211.51s  [n_pairs=349]

appended 22 week rows -> results/cmp_iceberg_scan.csv (88 -> 110)
=== now duckdb LH week ===
  LH_compact  q510 t=206.2s [605 pairs]
  LH_compact  q511 t=218.2s [349 pairs]
  LH_daily    q510 t=192.2s [605 pairs]
  LH_daily    q511 t=206.1s [349 pairs]
appended 4 LH week rows -> results/full_all.csv
